── Attaching packages ─────────────────────────────────────── tidyverse 1.3.1 ──
✔ ggplot2 3.3.5     ✔ purrr   0.3.4
✔ tibble  3.1.6     ✔ dplyr   1.0.7
✔ tidyr   1.1.4     ✔ stringr 1.4.0
✔ readr   2.1.1     ✔ forcats 0.5.1
── Conflicts ────────────────────────────────────────── tidyverse_conflicts() ──
✖ dplyr::count()   masks matrixStats::count()
✖ dplyr::filter()  masks stats::filter()
✖ dplyr::lag()     masks stats::lag()
✖ purrr::partial() masks LaplacesDemon::partial()
Loading required package: foreach

Attaching package: ‘foreach’

The following objects are masked from ‘package:purrr’:

    accumulate, when

Loading required package: iterators
Loading required package: parallel
[1] 32
Rows: 384 Columns: 10
Rows: 384 Columns: 10
Rows: 384 Columns: 10
Rows: 384 Columns: 10
Rows: 384 Columns: 10
Rows: 384 Columns: 10
Rows: 384 Columns: 10
Rows: 384 Columns: 10
Rows: 384 Columns: 10
Rows: 384 Columns: 10
Rows: 384 Columns: 10
Rows: 384 Columns: 10
Rows: 384 Columns: 10
Rows: 384 Columns: 10
Rows: 384 Columns: 10
Rows: 384 Columns: 10
Rows: 384 Columns: 10
Rows: 384 Columns: 10
Rows: 384 Columns: 10
Rows: 384 Columns: 10
Rows: 384 Columns: 10
── Column specification ────────────────────────────────────────────────────────
Delimiter: ","
dbl (10): X1, X2, X3, X4, X5, X6, X7, X8, X9, X10
── Column specification ────────────────────────────────────────────────────────
Delimiter: ","
dbl (10): X1, X2, X3, X4, X5, X6, X7, X8, X9, X10
── Column specification ────────────────────────────────────────────────────────
Delimiter: ","
dbl (10): X1, X2, X3, X4, X5, X6, X7, X8, X9, X10
── Column specification ────────────────────────────────────────────────────────
Delimiter: ","
dbl (10): X1, X2, X3, X4, X5, X6, X7, X8, X9, X10
── Column specification ────────────────────────────────────────────────────────
Delimiter: ","
dbl (10): X1, X2, X3, X4, X5, X6, X7, X8, X9, X10
── Column specification ────────────────────────────────────────────────────────
Delimiter: ","
dbl (10): X1, X2, X3, X4, X5, X6, X7, X8, X9, X10
── Column specification ────────────────────────────────────────────────────────
Delimiter: ","
dbl (10): X1, X2, X3, X4, X5, X6, X7, X8, X9, X10
── Column specification ────────────────────────────────────────────────────────
Delimiter: ","
dbl (10): X1, X2, X3, X4, X5, X6, X7, X8, X9, X10
── Column specification ────────────────────────────────────────────────────────
Delimiter: ","
dbl (10): X1, X2, X3, X4, X5, X6, X7, X8, X9, X10
── Column specification ────────────────────────────────────────────────────────
Delimiter: ","
dbl (10): X1, X2, X3, X4, X5, X6, X7, X8, X9, X10
── Column specification ────────────────────────────────────────────────────────
Delimiter: ","
dbl (10): X1, X2, X3, X4, X5, X6, X7, X8, X9, X10
── Column specification ────────────────────────────────────────────────────────
Delimiter: ","
dbl (10): X1, X2, X3, X4, X5, X6, X7, X8, X9, X10
── Column specification ────────────────────────────────────────────────────────
Delimiter: ","
dbl (10): X1, X2, X3, X4, X5, X6, X7, X8, X9, X10
── Column specification ────────────────────────────────────────────────────────
Delimiter: ","
dbl (10): X1, X2, X3, X4, X5, X6, X7, X8, X9, X10
── Column specification ────────────────────────────────────────────────────────
Delimiter: ","
dbl (10): X1, X2, X3, X4, X5, X6, X7, X8, X9, X10
── Column specification ────────────────────────────────────────────────────────
Delimiter: ","
dbl (10): X1, X2, X3, X4, X5, X6, X7, X8, X9, X10
── Column specification ────────────────────────────────────────────────────────
Delimiter: ","
dbl (10): X1, X2, X3, X4, X5, X6, X7, X8, X9, X10
── Column specification ────────────────────────────────────────────────────────
Delimiter: ","
dbl (10): X1, X2, X3, X4, X5, X6, X7, X8, X9, X10
── Column specification ────────────────────────────────────────────────────────
Delimiter: ","
dbl (10): X1, X2, X3, X4, X5, X6, X7, X8, X9, X10
── Column specification ────────────────────────────────────────────────────────
Delimiter: ","
dbl (10): X1, X2, X3, X4, X5, X6, X7, X8, X9, X10
── Column specification ────────────────────────────────────────────────────────
Delimiter: ","
dbl (10): X1, X2, X3, X4, X5, X6, X7, X8, X9, X10

ℹ Use `spec()` to retrieve the full column specification for this data.
ℹ Specify the column types or set `show_col_types = FALSE` to quiet this message.

ℹ Use `spec()` to retrieve the full column specification for this data.
ℹ Specify the column types or set `show_col_types = FALSE` to quiet this message.

ℹ Use `spec()` to retrieve the full column specification for this data.
ℹ Specify the column types or set `show_col_types = FALSE` to quiet this message.

ℹ Use `spec()` to retrieve the full column specification for this data.
ℹ Specify the column types or set `show_col_types = FALSE` to quiet this message.

ℹ Use `spec()` to retrieve the full column specification for this data.
ℹ Specify the column types or set `show_col_types = FALSE` to quiet this message.

ℹ Use `spec()` to retrieve the full column specification for this data.
ℹ Specify the column types or set `show_col_types = FALSE` to quiet this message.

ℹ Use `spec()` to retrieve the full column specification for this data.
ℹ Specify the column types or set `show_col_types = FALSE` to quiet this message.

ℹ Use `spec()` to retrieve the full column specification for this data.
ℹ Specify the column types or set `show_col_types = FALSE` to quiet this message.

ℹ Use `spec()` to retrieve the full column specification for this data.
ℹ Specify the column types or set `show_col_types = FALSE` to quiet this message.

ℹ Use `spec()` to retrieve the full column specification for this data.
ℹ Specify the column types or set `show_col_types = FALSE` to quiet this message.

ℹ Use `spec()` to retrieve the full column specification for this data.
ℹ Specify the column types or set `show_col_types = FALSE` to quiet this message.

ℹ Use `spec()` to retrieve the full column specification for this data.
ℹ Specify the column types or set `show_col_types = FALSE` to quiet this message.

ℹ Use `spec()` to retrieve the full column specification for this data.
ℹ Specify the column types or set `show_col_types = FALSE` to quiet this message.

ℹ Use `spec()` to retrieve the full column specification for this data.
ℹ Specify the column types or set `show_col_types = FALSE` to quiet this message.

ℹ Use `spec()` to retrieve the full column specification for this data.
ℹ Specify the column types or set `show_col_types = FALSE` to quiet this message.

ℹ Use `spec()` to retrieve the full column specification for this data.
ℹ Specify the column types or set `show_col_types = FALSE` to quiet this message.

ℹ Use `spec()` to retrieve the full column specification for this data.
ℹ Specify the column types or set `show_col_types = FALSE` to quiet this message.

ℹ Use `spec()` to retrieve the full column specification for this data.
ℹ Specify the column types or set `show_col_types = FALSE` to quiet this message.

ℹ Use `spec()` to retrieve the full column specification for this data.
ℹ Specify the column types or set `show_col_types = FALSE` to quiet this message.

ℹ Use `spec()` to retrieve the full column specification for this data.
ℹ Specify the column types or set `show_col_types = FALSE` to quiet this message.

ℹ Use `spec()` to retrieve the full column specification for this data.
ℹ Specify the column types or set `show_col_types = FALSE` to quiet this message.
New names:
* X -> X...1
* X -> X...2
* X -> X...3
* X -> X...4
* X -> X...5
New names:
* X -> X...1
* X -> X...2
* X -> X...3
* X -> X...4
* X -> X...5
* ...
New names:
* X -> X...1
* X -> X...2
* X -> X...3
* X -> X...4
* X -> X...5
New names:
* X -> X...1
* X -> X...2
* X -> X...3
* X -> X...4
* X -> X...5
* ...
New names:
* X -> X...1
* X -> X...2
* X -> X...3
* X -> X...4
* X -> X...5
New names:
* X -> X...1
* X -> X...2
* X -> X...3
* X -> X...4
* X -> X...5
* ...
New names:
* X -> X...1
* X -> X...2
* X -> X...3
* X -> X...4
* X -> X...5
New names:
* X -> X...1
* X -> X...2
* X -> X...3
* X -> X...4
* X -> X...5
* ...
New names:
* X -> X...1
* X -> X...2
* X -> X...3
* X -> X...4
* X -> X...5
New names:
* X -> X...1
* X -> X...2
* X -> X...3
* X -> X...4
* X -> X...5
* ...
New names:
* X -> X...1
* X -> X...2
* X -> X...3
* X -> X...4
* X -> X...5
New names:
* X -> X...1
* X -> X...2
New names:
* X -> X...1
* X -> X...2
* X -> X...3
* X -> X...4
* X -> X...5
* ...
New names:
* X -> X...1
* X -> X...2
* X -> X...3
* X -> X...4
* X -> X...5
* ...
New names:
* X -> X...1
* X -> X...2
* X -> X...3
* X -> X...4
New names:
* X -> X...1
* X -> X...2
New names:
* X -> X...1
* X -> X...2
* X -> X...3
* X -> X...4
* X -> X...5
* ...
New names:
* X -> X...1
* X -> X...2
* X -> X...3
* X -> X...4
New names:
* X -> X...1
* X -> X...2
New names:
* X -> X...1
* X -> X...2
* X -> X...3
* X -> X...4
* X -> X...5
* ...
New names:
* X -> X...1
* X -> X...2
* X -> X...3
New names:
* X -> X...1
* X -> X...2
* X -> X...3
* X -> X...4
New names:
* X -> X...1
* X -> X...2
New names:
* X -> X...1
* X -> X...2
* X -> X...3
* X -> X...4
* X -> X...5
* ...
New names:
* X -> X...1
* X -> X...2
* X -> X...3
New names:
* X -> X...1
* X -> X...2
* X -> X...3
* X -> X...4
New names:
* X -> X...1
* X -> X...2
New names:
* X -> X...1
* X -> X...2
* X -> X...3
* X -> X...4
* X -> X...5
* ...
New names:
* X -> X...1
* X -> X...2
* X -> X...3
New names:
* X -> X...1
* X -> X...2
* X -> X...3
* X -> X...4
New names:
* X -> X...1
* X -> X...2
New names:
* X -> X...1
* X -> X...2
* X -> X...3
* X -> X...4
* X -> X...5
* ...
New names:
* X -> X...1
* X -> X...2
* X -> X...3
New names:
* X -> X...1
* X -> X...2
* X -> X...3
* X -> X...4
New names:
* X -> X...1
* X -> X...2
* X -> X...3
New names:
* X -> X...1
* X -> X...2
* X -> X...3
Joining, by = "params_id"
Joining, by = "params_id"
Joining, by = "params_id"
Joining, by = "params_id"
Joining, by = "params_id"
Joining, by = "params_id"
Joining, by = "params_id"
[1] "sequence_scheme:"
[1] "BBBBBB"
[1] "sequence_scheme:"
[1] "BBBBBB"
[1] "sequence_scheme:"
[1] "BBBBBB"
[1] "sequence_scheme:"
[1] "BBBBBB"
[1] "sequence_scheme:"
[1] "BBBBBB"
[1] "sequence_scheme:"
[1] "BBBBBB"
[1] "sequence_scheme:"
[1] "BBBBBB"
time: 1
time: 1
time: 1
time: 1
time: 1
time: 1
time: 1
time: 2
New names:
* X -> X...1
* X -> X...2
* X -> X...3
* X -> X...4
New names:
* X -> X...1
* X -> X...2
* X -> X...3
* X -> X...4
* X -> X...5
New names:
* X -> X...1
* X -> X...2
* X -> X...3
* X -> X...4
New names:
* X -> X...1
* X -> X...2
* X -> X...3
* X -> X...4
New names:
* X -> X...1
* X -> X...2
* X -> X...3
* X -> X...4
* X -> X...5
New names:
* X -> X...1
* X -> X...2
* X -> X...3
* X -> X...4
* X -> X...5
New names:
* X -> X...1
* X -> X...2
* X -> X...3
* X -> X...4
New names:
* X -> X...1
* X -> X...2
* X -> X...3
* X -> X...4
* X -> X...5
New names:
* X -> X...1
* X -> X...2
* X -> X...3
* X -> X...4
New names:
* X -> X...1
* X -> X...2
* X -> X...3
* X -> X...4
New names:
* X -> X...1
* X -> X...2
* X -> X...3
* X -> X...4
* X -> X...5
New names:
* X -> X...1
* X -> X...2
* X -> X...3
* X -> X...4
* X -> X...5
New names:
* X -> X...1
* X -> X...2
New names:
* X -> X...1
* X -> X...2
time: 3
New names:
* X -> X...1
* X -> X...2
New names:
* X -> X...1
* X -> X...2
New names:
* X -> X...1
* X -> X...2
New names:
* X -> X...1
* X -> X...2
New names:
* X -> X...1
* X -> X...2
* X -> X...3
New names:
* X -> X...1
* X -> X...2
* X -> X...3
* X -> X...4
* X -> X...5
* ...
New names:
* X -> X...1
* X -> X...2
* X -> X...3
New names:
* X -> X...1
* X -> X...2
* X -> X...3
* X -> X...4
* X -> X...5
* ...
New names:
* X -> X...1
* X -> X...2
* X -> X...3
* X -> X...4
* X -> X...5
* ...
Joining, by = "params_id"
New names:
* X -> X...1
* X -> X...2
* X -> X...3
New names:
* X -> X...1
* X -> X...2
* X -> X...3
* X -> X...4
* X -> X...5
* ...
New names:
* X -> X...1
* X -> X...2
* X -> X...3
* X -> X...4
* X -> X...5
* ...
New names:
* X -> X...1
* X -> X...2
* X -> X...3
Joining, by = "params_id"
New names:
* X -> X...1
* X -> X...2
* X -> X...3
* X -> X...4
* X -> X...5
* ...
New names:
* X -> X...1
* X -> X...2
* X -> X...3
* X -> X...4
* X -> X...5
* ...
New names:
* X -> X...1
* X -> X...2
* X -> X...3
New names:
* X -> X...1
* X -> X...2
* X -> X...3
* X -> X...4
* X -> X...5
* ...
New names:
* X -> X...1
* X -> X...2
* X -> X...3
* X -> X...4
* X -> X...5
* ...
New names:
* X -> X...1
* X -> X...2
* X -> X...3
New names:
* X -> X...1
* X -> X...2
* X -> X...3
* X -> X...4
* X -> X...5
* ...
New names:
* X -> X...1
* X -> X...2
* X -> X...3
* X -> X...4
* X -> X...5
* ...
New names:
* X -> X...1
* X -> X...2
* X -> X...3
* X -> X...4
* X -> X...5
* ...
Joining, by = "params_id"
Joining, by = "params_id"
[1] "sequence_scheme:"
[1] "BBBBBB"
Joining, by = "params_id"
Joining, by = "params_id"
[1] "sequence_scheme:"
[1] "BBBBBB"
Joining, by = "params_id"
time: 4
[1] "sequence_scheme:"
[1] "BBBBBB"
time: 2
[1] "sequence_scheme:"
[1] "BBBBBB"
[1] "sequence_scheme:"
[1] "BBBBBB"
[1] "sequence_scheme:"
[1] "BBBBBB"
[1] "sequence_scheme:"
[1] "BBBBBB"
time: 5
time: 1
time: 1
time: 1
time: 1
time: 1
time: 1
time: 1
time: 6
time: 2
time: 3
time: 3
time: 4
New names:
* X -> X...1
* X -> X...2
* X -> X...3
* X -> X...4
* X -> X...5
* ...
New names:
* X -> X...1
* X -> X...2
* X -> X...3
* X -> X...4
* X -> X...5
* ...
New names:
* X -> X...1
* X -> X...2
* X -> X...3
* X -> X...4
* X -> X...5
* ...
New names:
* X -> X...1
* X -> X...2
* X -> X...3
* X -> X...4
* X -> X...5
* ...
time: 2
New names:
* X -> X...1
* X -> X...2
* X -> X...3
* X -> X...4
* X -> X...5
* ...
New names:
* X -> X...1
* X -> X...2
* X -> X...3
* X -> X...4
* X -> X...5
* ...
Joining, by = "params_id"
time: 2
time: 4
time: 5
Joining, by = "params_id"
New names:
* X -> X...1
* X -> X...2
* X -> X...3
* X -> X...4
* X -> X...5
* ...
New names:
* X -> X...1
* X -> X...2
* X -> X...3
* X -> X...4
* X -> X...5
* ...
New names:
* X -> X...1
* X -> X...2
* X -> X...3
* X -> X...4
* X -> X...5
* ...
New names:
* X -> X...1
* X -> X...2
* X -> X...3
New names:
* X -> X...1
* X -> X...2
* X -> X...3
* X -> X...4
* X -> X...5
* ...
New names:
* X -> X...1
* X -> X...2
* X -> X...3
New names:
* X -> X...1
* X -> X...2
* X -> X...3
* X -> X...4
* X -> X...5
* ...
New names:
* X -> X...1
* X -> X...2
New names:
* X -> X...1
* X -> X...2
* X -> X...3
New names:
* X -> X...1
* X -> X...2
* X -> X...3
* X -> X...4
* X -> X...5
* ...
New names:
* X -> X...1
* X -> X...2
New names:
* X -> X...1
* X -> X...2
* X -> X...3
New names:
* X -> X...1
* X -> X...2
New names:
* X -> X...1
* X -> X...2
* X -> X...3
* X -> X...4
New names:
* X -> X...1
* X -> X...2
* X -> X...3
New names:
* X -> X...1
* X -> X...2
New names:
* X -> X...1
* X -> X...2
* X -> X...3
New names:
* X -> X...1
* X -> X...2
* X -> X...3
* X -> X...4
New names:
* X -> X...1
* X -> X...2
New names:
* X -> X...1
* X -> X...2
* X -> X...3
* X -> X...4
New names:
* X -> X...1
* X -> X...2
New names:
* X -> X...1
* X -> X...2
* X -> X...3
* X -> X...4
New names:
* X -> X...1
* X -> X...2
* X -> X...3
* X -> X...4
* X -> X...5
New names:
* X -> X...1
* X -> X...2
* X -> X...3
* X -> X...4
New names:
* X -> X...1
* X -> X...2
* X -> X...3
* X -> X...4
* X -> X...5
New names:
* X -> X...1
* X -> X...2
* X -> X...3
* X -> X...4
New names:
* X -> X...1
* X -> X...2
* X -> X...3
* X -> X...4
* X -> X...5
[1] "sequence_scheme:"
[1] "BBBBBB"
New names:
* X -> X...1
* X -> X...2
* X -> X...3
* X -> X...4
* X -> X...5
[1] "sequence_scheme:"
[1] "BBBBBB"
New names:
* X -> X...1
* X -> X...2
* X -> X...3
* X -> X...4
* X -> X...5
New names:
* X -> X...1
* X -> X...2
* X -> X...3
* X -> X...4
* X -> X...5
Joining, by = "params_id"
Joining, by = "params_id"
Joining, by = "params_id"
time: 6
Joining, by = "params_id"
Joining, by = "params_id"
[1] "sequence_scheme:"
[1] "BBBBBB"
[1] "sequence_scheme:"
[1] "BBBBBB"
[1] "sequence_scheme:"
[1] "BBBBBB"
[1] "sequence_scheme:"
[1] "BBBBBB"
time: 1
[1] "sequence_scheme:"
[1] "BBBBBB"
time: 7
time: 1
time: 3
time: 5
time: 8
time: 1
time: 1
time: 2
time: 1
time: 1
time: 1
time: 9
time: 3
time: 10
time: 2
time: 4
time: 6
time: 4
time: 11
time: 5
time: 12
time: 2
time: 3
time: 6
time: 13
time: 5
time: 14
time: 7
time: 8
time: 2
time: 9
time: 3
time: 6
time: 10
time: 3
time: 2
time: 11
time: 12
time: 4
time: 7
time: 4
time: 2
time: 13
time: 14
time: 8
time: 15
time: 5
time: 16
time: 17
time: 9
time: 4
time: 18
time: 5
time: 19
time: 6
time: 3
time: 10
time: 20
time: 21
time: 22
time: 7
time: 11
time: 23
time: 3
time: 24
time: 5
time: 2
time: 6
time: 12
time: 25
time: 8
time: 26
time: 27
time: 13
time: 4
time: 28
time: 2
time: 29
time: 3
time: 9
time: 30
time: 14
time: 31
time: 6
time: 15
time: 10
time: 11
time: 5
time: 2
time: 7
time: 4
time: 12
time: 13
time: 6
time: 8
time: 14
time: 4
time: 3
time: 15
time: 9
time: 16
time: 7
time: 5
time: 17
time: 10
time: 2
time: 18
time: 8
time: 19
time: 5
time: 11
time: 20
time: 3
time: 4
time: 21
time: 6
time: 9
time: 12
time: 22
time: 23
time: 3
time: 13
time: 24
time: 2
time: 10
time: 6
time: 25
time: 14
time: 26
time: 15
time: 5
time: 11
time: 27
time: 2
time: 28
time: 16
time: 7
time: 29
time: 12
time: 30
time: 4
time: 31
time: 32
time: 13
time: 33
time: 6
time: 34
time: 3
time: 8
time: 4
time: 14
time: 15
time: 2
time: 9
time: 7
time: 16
time: 5
time: 17
time: 10
time: 5
time: 18
time: 8
time: 19
time: 3
time: 11
time: 4
time: 20
time: 6
time: 9
time: 21
time: 12
time: 2
time: 22
time: 3
time: 6
time: 23
time: 10
time: 13
time: 24
time: 14
time: 5
time: 25
time: 2
time: 11
time: 26
time: 15
time: 7
time: 27
time: 12
time: 28
time: 16
time: 4
time: 3
time: 29
time: 30
time: 13
time: 17
time: 6
time: 31
time: 8
time: 32
time: 18
time: 4
time: 14
time: 33
time: 2
time: 34
time: 35
time: 15
time: 9
time: 36
time: 37
time: 7
time: 16
time: 38
time: 5
time: 10
time: 17
time: 18
time: 4
time: 3
time: 8
time: 5
time: 11
time: 19
time: 20
time: 6
time: 12
time: 9
time: 3
time: 21
time: 22
time: 13
time: 6
time: 23
time: 10
time: 5
time: 14
time: 24
time: 25
time: 11
time: 15
time: 26
time: 7
time: 27
time: 4
time: 16
time: 3
time: 12
time: 28
time: 29
time: 17
time: 6
time: 30
time: 13
time: 4
time: 8
time: 18
time: 31
time: 32
time: 14
time: 33
time: 34
time: 7
time: 35
time: 15
time: 9
time: 36
time: 5
time: 37
time: 16
time: 38
time: 39
time: 10
time: 40
time: 17
time: 5
time: 8
time: 41
time: 4
time: 18
time: 11
time: 6
time: 19
time: 9
time: 20
time: 12
time: 6
time: 21
time: 10
time: 13
time: 22
time: 5
time: 23
time: 14
time: 11
time: 24
time: 7
time: 25
time: 15
time: 26
time: 12
time: 16
time: 27
time: 6
time: 28
time: 17
time: 13
time: 8
time: 29
time: 18
time: 30
time: 14
time: 31
time: 19
time: 32
time: 9
time: 7
time: 15
time: 33
time: 20
time: 34
time: 35
time: 16
time: 36
time: 10
time: 37
time: 17
time: 38
time: 8
time: 39
time: 40
time: 18
time: 11
time: 41
time: 42
time: 19
time: 43
time: 9
time: 44
time: 12
time: 20
time: 21
time: 10
time: 13
time: 22
time: 23
time: 14
time: 11
time: 24
time: 15
time: 25
time: 12
time: 26
time: 16
time: 27
time: 17
time: 28
time: 13
time: 29
time: 18
time: 30
time: 14
time: 31
time: 19
time: 32
time: 15
time: 20
time: 33
time: 34
time: 16
time: 35
time: 36
time: 37
time: 17
time: 38
time: 39
time: 18
time: 40
time: 41
time: 19
time: 42
time: 43
time: 44
time: 20
time: 45
time: 46
time: 21
time: 47
time: 48
time: 22
time: 23
time: 24
time: 25
time: 26
time: 27
time: 28
time: 29
time: 30
time: 31
time: 32
time: 33
time: 34
time: 35
time: 36
time: 37
time: 38
time: 39
time: 40
time: 41
time: 42
time: 43
time: 44
time: 45
time: 46
time: 47
time: 48
time: 49
time: 50
time: 51
