── Attaching packages ─────────────────────────────────────── tidyverse 1.3.1 ──
✔ ggplot2 3.3.5     ✔ purrr   0.3.4
✔ tibble  3.1.6     ✔ dplyr   1.0.7
✔ tidyr   1.1.4     ✔ stringr 1.4.0
✔ readr   2.1.1     ✔ forcats 0.5.1
── Conflicts ────────────────────────────────────────── tidyverse_conflicts() ──
✖ dplyr::count()   masks matrixStats::count()
✖ dplyr::filter()  masks stats::filter()
✖ dplyr::lag()     masks stats::lag()
✖ purrr::partial() masks LaplacesDemon::partial()
Loading required package: foreach

Attaching package: ‘foreach’

The following objects are masked from ‘package:purrr’:

    accumulate, when

Loading required package: iterators
Loading required package: parallel
[1] 32
Rows: 384 Columns: 10
Rows: 384 Columns: 10
Rows: 384 Columns: 10
Rows: 384 Columns: 10
── Column specification ────────────────────────────────────────────────────────
Delimiter: ","
dbl (10): X1, X2, X3, X4, X5, X6, X7, X8, X9, X10
── Column specification ────────────────────────────────────────────────────────
Delimiter: ","
dbl (10): X1, X2, X3, X4, X5, X6, X7, X8, X9, X10
── Column specification ────────────────────────────────────────────────────────
Delimiter: ","
dbl (10): X1, X2, X3, X4, X5, X6, X7, X8, X9, X10
── Column specification ────────────────────────────────────────────────────────
Delimiter: ","
dbl (10): X1, X2, X3, X4, X5, X6, X7, X8, X9, X10
Rows: 384 Columns: 10
Rows: 384 Columns: 10
Rows: 384 Columns: 10

ℹ Use `spec()` to retrieve the full column specification for this data.
ℹ Specify the column types or set `show_col_types = FALSE` to quiet this message.
── Column specification ────────────────────────────────────────────────────────
Delimiter: ","
dbl (10): X1, X2, X3, X4, X5, X6, X7, X8, X9, X10

ℹ Use `spec()` to retrieve the full column specification for this data.
ℹ Specify the column types or set `show_col_types = FALSE` to quiet this message.

ℹ Use `spec()` to retrieve the full column specification for this data.
ℹ Specify the column types or set `show_col_types = FALSE` to quiet this message.
── Column specification ────────────────────────────────────────────────────────
Delimiter: ","
dbl (10): X1, X2, X3, X4, X5, X6, X7, X8, X9, X10
Rows: 384 Columns: 10
── Column specification ────────────────────────────────────────────────────────
Delimiter: ","
dbl (10): X1, X2, X3, X4, X5, X6, X7, X8, X9, X10

ℹ Use `spec()` to retrieve the full column specification for this data.
ℹ Specify the column types or set `show_col_types = FALSE` to quiet this message.
Rows: 384 Columns: 10
Rows: 384 Columns: 10
── Column specification ────────────────────────────────────────────────────────
Delimiter: ","
dbl (10): X1, X2, X3, X4, X5, X6, X7, X8, X9, X10
Rows: 384 Columns: 10

ℹ Use `spec()` to retrieve the full column specification for this data.
ℹ Specify the column types or set `show_col_types = FALSE` to quiet this message.
Rows: 384 Columns: 10
── Column specification ────────────────────────────────────────────────────────
Delimiter: ","
dbl (10): X1, X2, X3, X4, X5, X6, X7, X8, X9, X10

ℹ Use `spec()` to retrieve the full column specification for this data.
ℹ Specify the column types or set `show_col_types = FALSE` to quiet this message.
── Column specification ────────────────────────────────────────────────────────
Delimiter: ","
dbl (10): X1, X2, X3, X4, X5, X6, X7, X8, X9, X10
Rows: 384 Columns: 10
── Column specification ────────────────────────────────────────────────────────
Delimiter: ","
dbl (10): X1, X2, X3, X4, X5, X6, X7, X8, X9, X10
Rows: 384 Columns: 10
Rows: 384 Columns: 10

ℹ Use `spec()` to retrieve the full column specification for this data.
ℹ Specify the column types or set `show_col_types = FALSE` to quiet this message.
Rows: 384 Columns: 10
Rows: 384 Columns: 10
── Column specification ────────────────────────────────────────────────────────
Delimiter: ","
dbl (10): X1, X2, X3, X4, X5, X6, X7, X8, X9, X10
Rows: 384 Columns: 10
Rows: 384 Columns: 10

ℹ Use `spec()` to retrieve the full column specification for this data.
ℹ Specify the column types or set `show_col_types = FALSE` to quiet this message.
Rows: 384 Columns: 10
── Column specification ────────────────────────────────────────────────────────
Delimiter: ","
dbl (10): X1, X2, X3, X4, X5, X6, X7, X8, X9, X10
Rows: 384 Columns: 10
Rows: 384 Columns: 10
── Column specification ────────────────────────────────────────────────────────
Delimiter: ","
dbl (10): X1, X2, X3, X4, X5, X6, X7, X8, X9, X10
── Column specification ────────────────────────────────────────────────────────
Delimiter: ","
dbl (10): X1, X2, X3, X4, X5, X6, X7, X8, X9, X10
Rows: 384 Columns: 10
── Column specification ────────────────────────────────────────────────────────
Delimiter: ","
dbl (10): X1, X2, X3, X4, X5, X6, X7, X8, X9, X10

ℹ Use `spec()` to retrieve the full column specification for this data.
ℹ Specify the column types or set `show_col_types = FALSE` to quiet this message.
── Column specification ────────────────────────────────────────────────────────
Delimiter: ","
dbl (10): X1, X2, X3, X4, X5, X6, X7, X8, X9, X10

ℹ Use `spec()` to retrieve the full column specification for this data.
ℹ Specify the column types or set `show_col_types = FALSE` to quiet this message.
── Column specification ────────────────────────────────────────────────────────
Delimiter: ","
dbl (10): X1, X2, X3, X4, X5, X6, X7, X8, X9, X10
── Column specification ────────────────────────────────────────────────────────
Delimiter: ","
dbl (10): X1, X2, X3, X4, X5, X6, X7, X8, X9, X10
Rows: 384 Columns: 10

ℹ Use `spec()` to retrieve the full column specification for this data.
ℹ Specify the column types or set `show_col_types = FALSE` to quiet this message.
── Column specification ────────────────────────────────────────────────────────
Delimiter: ","
dbl (10): X1, X2, X3, X4, X5, X6, X7, X8, X9, X10
── Column specification ────────────────────────────────────────────────────────
Delimiter: ","
dbl (10): X1, X2, X3, X4, X5, X6, X7, X8, X9, X10
── Column specification ────────────────────────────────────────────────────────
Delimiter: ","
dbl (10): X1, X2, X3, X4, X5, X6, X7, X8, X9, X10
── Column specification ────────────────────────────────────────────────────────
Delimiter: ","
dbl (10): X1, X2, X3, X4, X5, X6, X7, X8, X9, X10
Rows: 384 Columns: 10
Rows: 384 Columns: 10

ℹ Use `spec()` to retrieve the full column specification for this data.
ℹ Specify the column types or set `show_col_types = FALSE` to quiet this message.
── Column specification ────────────────────────────────────────────────────────
Delimiter: ","
dbl (10): X1, X2, X3, X4, X5, X6, X7, X8, X9, X10

ℹ Use `spec()` to retrieve the full column specification for this data.
ℹ Specify the column types or set `show_col_types = FALSE` to quiet this message.

ℹ Use `spec()` to retrieve the full column specification for this data.
ℹ Specify the column types or set `show_col_types = FALSE` to quiet this message.
Rows: 384 Columns: 10

ℹ Use `spec()` to retrieve the full column specification for this data.
ℹ Specify the column types or set `show_col_types = FALSE` to quiet this message.

ℹ Use `spec()` to retrieve the full column specification for this data.
ℹ Specify the column types or set `show_col_types = FALSE` to quiet this message.

ℹ Use `spec()` to retrieve the full column specification for this data.
ℹ Specify the column types or set `show_col_types = FALSE` to quiet this message.
── Column specification ────────────────────────────────────────────────────────
Delimiter: ","
dbl (10): X1, X2, X3, X4, X5, X6, X7, X8, X9, X10
── Column specification ────────────────────────────────────────────────────────
Delimiter: ","
dbl (10): X1, X2, X3, X4, X5, X6, X7, X8, X9, X10

ℹ Use `spec()` to retrieve the full column specification for this data.
ℹ Specify the column types or set `show_col_types = FALSE` to quiet this message.

ℹ Use `spec()` to retrieve the full column specification for this data.
ℹ Specify the column types or set `show_col_types = FALSE` to quiet this message.
Rows: 384 Columns: 10

ℹ Use `spec()` to retrieve the full column specification for this data.
ℹ Specify the column types or set `show_col_types = FALSE` to quiet this message.

ℹ Use `spec()` to retrieve the full column specification for this data.
ℹ Specify the column types or set `show_col_types = FALSE` to quiet this message.

ℹ Use `spec()` to retrieve the full column specification for this data.
ℹ Specify the column types or set `show_col_types = FALSE` to quiet this message.
── Column specification ────────────────────────────────────────────────────────
Delimiter: ","
dbl (10): X1, X2, X3, X4, X5, X6, X7, X8, X9, X10

ℹ Use `spec()` to retrieve the full column specification for this data.
ℹ Specify the column types or set `show_col_types = FALSE` to quiet this message.
Rows: 384 Columns: 10
Rows: 384 Columns: 10
── Column specification ────────────────────────────────────────────────────────
Delimiter: ","
dbl (10): X1, X2, X3, X4, X5, X6, X7, X8, X9, X10

ℹ Use `spec()` to retrieve the full column specification for this data.
ℹ Specify the column types or set `show_col_types = FALSE` to quiet this message.
── Column specification ────────────────────────────────────────────────────────
Delimiter: ","
dbl (10): X1, X2, X3, X4, X5, X6, X7, X8, X9, X10
── Column specification ────────────────────────────────────────────────────────
Delimiter: ","
dbl (10): X1, X2, X3, X4, X5, X6, X7, X8, X9, X10

ℹ Use `spec()` to retrieve the full column specification for this data.
ℹ Specify the column types or set `show_col_types = FALSE` to quiet this message.

ℹ Use `spec()` to retrieve the full column specification for this data.
ℹ Specify the column types or set `show_col_types = FALSE` to quiet this message.
Rows: 384 Columns: 10

ℹ Use `spec()` to retrieve the full column specification for this data.
ℹ Specify the column types or set `show_col_types = FALSE` to quiet this message.
── Column specification ────────────────────────────────────────────────────────
Delimiter: ","
dbl (10): X1, X2, X3, X4, X5, X6, X7, X8, X9, X10

ℹ Use `spec()` to retrieve the full column specification for this data.
ℹ Specify the column types or set `show_col_types = FALSE` to quiet this message.

ℹ Use `spec()` to retrieve the full column specification for this data.
ℹ Specify the column types or set `show_col_types = FALSE` to quiet this message.
Rows: 384 Columns: 10

ℹ Use `spec()` to retrieve the full column specification for this data.
ℹ Specify the column types or set `show_col_types = FALSE` to quiet this message.
── Column specification ────────────────────────────────────────────────────────
Delimiter: ","
dbl (10): X1, X2, X3, X4, X5, X6, X7, X8, X9, X10

ℹ Use `spec()` to retrieve the full column specification for this data.
ℹ Specify the column types or set `show_col_types = FALSE` to quiet this message.

ℹ Use `spec()` to retrieve the full column specification for this data.
ℹ Specify the column types or set `show_col_types = FALSE` to quiet this message.
New names:
* X -> X...1
* X -> X...2
* X -> X...3
New names:
* X -> X...1
* X -> X...2
* X -> X...3
New names:
* X -> X...1
* X -> X...2
* X -> X...3
New names:
* X -> X...1
* X -> X...2
* X -> X...3
New names:
* X -> X...1
* X -> X...2
* X -> X...3
New names:
* X -> X...1
* X -> X...2
* X -> X...3
New names:
* X -> X...1
* X -> X...2
New names:
* X -> X...1
* X -> X...2
New names:
* X -> X...1
* X -> X...2
New names:
* X -> X...1
* X -> X...2
New names:
* X -> X...1
* X -> X...2
New names:
* X -> X...1
* X -> X...2
* X -> X...3
* X -> X...4
New names:
* X -> X...1
* X -> X...2
New names:
* X -> X...1
* X -> X...2
* X -> X...3
* X -> X...4
New names:
* X -> X...1
* X -> X...2
* X -> X...3
* X -> X...4
New names:
* X -> X...1
* X -> X...2
* X -> X...3
* X -> X...4
New names:
* X -> X...1
* X -> X...2
* X -> X...3
* X -> X...4
New names:
* X -> X...1
* X -> X...2
* X -> X...3
* X -> X...4
New names:
* X -> X...1
* X -> X...2
* X -> X...3
* X -> X...4
New names:
* X -> X...1
* X -> X...2
* X -> X...3
* X -> X...4
Joining, by = "params_id"
New names:
* X -> X...1
* X -> X...2
* X -> X...3
* X -> X...4
New names:
* X -> X...1
* X -> X...2
* X -> X...3
* X -> X...4
New names:
* X -> X...1
* X -> X...2
* X -> X...3
* X -> X...4
New names:
* X -> X...1
* X -> X...2
* X -> X...3
* X -> X...4
Joining, by = "params_id"
New names:
* X -> X...1
* X -> X...2
Joining, by = "params_id"
New names:
* X -> X...1
* X -> X...2
New names:
* X -> X...1
* X -> X...2
New names:
* X -> X...1
* X -> X...2
New names:
* X -> X...1
* X -> X...2
* X -> X...3
New names:
* X -> X...1
* X -> X...2
New names:
* X -> X...1
* X -> X...2
New names:
* X -> X...1
* X -> X...2
* X -> X...3
New names:
* X -> X...1
* X -> X...2
* X -> X...3
Joining, by = "params_id"
New names:
* X -> X...1
* X -> X...2
* X -> X...3
[1] "sequence_scheme:"
[1] "BBBBBB"
New names:
* X -> X...1
* X -> X...2
* X -> X...3
New names:
* X -> X...1
* X -> X...2
* X -> X...3
New names:
* X -> X...1
* X -> X...2
* X -> X...3
* X -> X...4
* X -> X...5
New names:
* X -> X...1
* X -> X...2
* X -> X...3
* X -> X...4
* X -> X...5
[1] "sequence_scheme:"
[1] "BBBBBB"
New names:
* X -> X...1
* X -> X...2
* X -> X...3
* X -> X...4
* X -> X...5
New names:
* X -> X...1
* X -> X...2
* X -> X...3
* X -> X...4
* X -> X...5
Joining, by = "params_id"
New names:
* X -> X...1
* X -> X...2
* X -> X...3
* X -> X...4
* X -> X...5
[1] "sequence_scheme:"
[1] "BBBBBB"
New names:
* X -> X...1
* X -> X...2
* X -> X...3
* X -> X...4
* X -> X...5
Joining, by = "params_id"
New names:
* X -> X...1
* X -> X...2
* X -> X...3
* X -> X...4
* X -> X...5
New names:
* X -> X...1
* X -> X...2
* X -> X...3
* X -> X...4
* X -> X...5
New names:
* X -> X...1
* X -> X...2
* X -> X...3
* X -> X...4
* X -> X...5
[1] "sequence_scheme:"
[1] "BBBBBB"
New names:
* X -> X...1
* X -> X...2
* X -> X...3
* X -> X...4
* X -> X...5
New names:
* X -> X...1
* X -> X...2
* X -> X...3
* X -> X...4
* X -> X...5
New names:
* X -> X...1
* X -> X...2
* X -> X...3
* X -> X...4
* X -> X...5
Joining, by = "params_id"
[1] "sequence_scheme:"
[1] "BBBBBB"
[1] "sequence_scheme:"
[1] "BBBBBB"
time: 1
Joining, by = "params_id"
time: 1
[1] "sequence_scheme:"
[1] "BBBBBB"
time: 1
time: 1
[1] "sequence_scheme:"
[1] "BBBBBB"
time: 1
time: 1
time: 1
time: 1
Rows: 384 Columns: 10
New names:
* X -> X...1
* X -> X...2
* X -> X...3
* X -> X...4
* X -> X...5
── Column specification ────────────────────────────────────────────────────────
Delimiter: ","
dbl (10): X1, X2, X3, X4, X5, X6, X7, X8, X9, X10
New names:
* X -> X...1
* X -> X...2
New names:
* X -> X...1
* X -> X...2
* X -> X...3
* X -> X...4
* X -> X...5
Rows: 384 Columns: 10
New names:
* X -> X...1
* X -> X...2
New names:
* X -> X...1
* X -> X...2
* X -> X...3
* X -> X...4
* X -> X...5
New names:
* X -> X...1
* X -> X...2
New names:
* X -> X...1
* X -> X...2
New names:
* X -> X...1
* X -> X...2
* X -> X...3
* X -> X...4
* X -> X...5
New names:
* X -> X...1
* X -> X...2
New names:
* X -> X...1
* X -> X...2
* X -> X...3
* X -> X...4
* X -> X...5
New names:
* X -> X...1
* X -> X...2
New names:
* X -> X...1
* X -> X...2
* X -> X...3
* X -> X...4
* X -> X...5
── Column specification ────────────────────────────────────────────────────────
Delimiter: ","
dbl (10): X1, X2, X3, X4, X5, X6, X7, X8, X9, X10
New names:
* X -> X...1
* X -> X...2
* X -> X...3
* X -> X...4
New names:
* X -> X...1
* X -> X...2
* X -> X...3
* X -> X...4
New names:
* X -> X...1
* X -> X...2
* X -> X...3
* X -> X...4
New names:
* X -> X...1
* X -> X...2
* X -> X...3
* X -> X...4
New names:
* X -> X...1
* X -> X...2
* X -> X...3
* X -> X...4

ℹ Use `spec()` to retrieve the full column specification for this data.
ℹ Specify the column types or set `show_col_types = FALSE` to quiet this message.
New names:
* X -> X...1
* X -> X...2
* X -> X...3
* X -> X...4
Joining, by = "params_id"
Joining, by = "params_id"

ℹ Use `spec()` to retrieve the full column specification for this data.
ℹ Specify the column types or set `show_col_types = FALSE` to quiet this message.
New names:
* X -> X...1
* X -> X...2
* X -> X...3
Joining, by = "params_id"
New names:
* X -> X...1
* X -> X...2
* X -> X...3
New names:
* X -> X...1
* X -> X...2
* X -> X...3
New names:
* X -> X...1
* X -> X...2
* X -> X...3
New names:
* X -> X...1
* X -> X...2
* X -> X...3
New names:
* X -> X...1
* X -> X...2
* X -> X...3
New names:
* X -> X...1
* X -> X...2
* X -> X...3
New names:
* X -> X...1
* X -> X...2
New names:
* X -> X...1
* X -> X...2
* X -> X...3
[1] "sequence_scheme:"
[1] "BBBBBB"
New names:
* X -> X...1
* X -> X...2
* X -> X...3
* X -> X...4
* X -> X...5
New names:
* X -> X...1
* X -> X...2
New names:
* X -> X...1
* X -> X...2
* X -> X...3
New names:
* X -> X...1
* X -> X...2
* X -> X...3
* X -> X...4
* X -> X...5
New names:
* X -> X...1
* X -> X...2
New names:
* X -> X...1
* X -> X...2
* X -> X...3
New names:
* X -> X...1
* X -> X...2
* X -> X...3
* X -> X...4
* X -> X...5
New names:
* X -> X...1
* X -> X...2
New names:
* X -> X...1
* X -> X...2
* X -> X...3
New names:
* X -> X...1
* X -> X...2
* X -> X...3
* X -> X...4
* X -> X...5
New names:
* X -> X...1
* X -> X...2
* X -> X...3
New names:
* X -> X...1
* X -> X...2
New names:
* X -> X...1
* X -> X...2
* X -> X...3
* X -> X...4
New names:
* X -> X...1
* X -> X...2
* X -> X...3
* X -> X...4
* X -> X...5
New names:
* X -> X...1
* X -> X...2
[1] "sequence_scheme:"
[1] "BBBBBB"
New names:
* X -> X...1
* X -> X...2
* X -> X...3
* X -> X...4
New names:
* X -> X...1
* X -> X...2
* X -> X...3
* X -> X...4
* X -> X...5
New names:
* X -> X...1
* X -> X...2
* X -> X...3
* X -> X...4
New names:
* X -> X...1
* X -> X...2
* X -> X...3
* X -> X...4
New names:
* X -> X...1
* X -> X...2
* X -> X...3
* X -> X...4
New names:
* X -> X...1
* X -> X...2
* X -> X...3
* X -> X...4
Joining, by = "params_id"
[1] "sequence_scheme:"
[1] "BBBBBB"
Joining, by = "params_id"
Joining, by = "params_id"
Joining, by = "params_id"
Joining, by = "params_id"
[1] "sequence_scheme:"
[1] "BBBBBB"
[1] "sequence_scheme:"
[1] "BBBBBB"
[1] "sequence_scheme:"
[1] "BBBBBB"
[1] "sequence_scheme:"
[1] "BBBBBB"
time: 1
time: 2
[1] "sequence_scheme:"
[1] "BBBBBB"
time: 1
time: 1
time: 1
time: 1
time: 1
Rows: 384 Columns: 10
time: 1
time: 1
── Column specification ────────────────────────────────────────────────────────
Delimiter: ","
dbl (10): X1, X2, X3, X4, X5, X6, X7, X8, X9, X10
Rows: 384 Columns: 10

ℹ Use `spec()` to retrieve the full column specification for this data.
ℹ Specify the column types or set `show_col_types = FALSE` to quiet this message.
── Column specification ────────────────────────────────────────────────────────
Delimiter: ","
dbl (10): X1, X2, X3, X4, X5, X6, X7, X8, X9, X10

ℹ Use `spec()` to retrieve the full column specification for this data.
ℹ Specify the column types or set `show_col_types = FALSE` to quiet this message.
time: 2
time: 3
time: 2
Rows: 384 Columns: 10
── Column specification ────────────────────────────────────────────────────────
Delimiter: ","
dbl (10): X1, X2, X3, X4, X5, X6, X7, X8, X9, X10
New names:
* X -> X...1
* X -> X...2
New names:
* X -> X...1
* X -> X...2
New names:
* X -> X...1
* X -> X...2
New names:
* X -> X...1
* X -> X...2
New names:
* X -> X...1
* X -> X...2
New names:
* X -> X...1
* X -> X...2

ℹ Use `spec()` to retrieve the full column specification for this data.
ℹ Specify the column types or set `show_col_types = FALSE` to quiet this message.
New names:
* X -> X...1
* X -> X...2
* X -> X...3
New names:
* X -> X...1
* X -> X...2
* X -> X...3
New names:
* X -> X...1
* X -> X...2
* X -> X...3
Joining, by = "params_id"
New names:
* X -> X...1
* X -> X...2
* X -> X...3
New names:
* X -> X...1
* X -> X...2
* X -> X...3
New names:
* X -> X...1
* X -> X...2
* X -> X...3
time: 4
Joining, by = "params_id"
New names:
* X -> X...1
* X -> X...2
* X -> X...3
* X -> X...4
[1] "sequence_scheme:"
[1] "BBBBBB"
New names:
* X -> X...1
* X -> X...2
* X -> X...3
* X -> X...4
New names:
* X -> X...1
* X -> X...2
* X -> X...3
* X -> X...4
New names:
* X -> X...1
* X -> X...2
* X -> X...3
* X -> X...4
New names:
* X -> X...1
* X -> X...2
* X -> X...3
* X -> X...4
New names:
* X -> X...1
* X -> X...2
* X -> X...3
* X -> X...4
[1] "sequence_scheme:"
[1] "BBBBBB"
New names:
* X -> X...1
* X -> X...2
Joining, by = "params_id"
New names:
* X -> X...1
* X -> X...2
New names:
* X -> X...1
* X -> X...2
New names:
* X -> X...1
* X -> X...2
New names:
* X -> X...1
* X -> X...2
New names:
* X -> X...1
* X -> X...2
New names:
* X -> X...1
* X -> X...2
* X -> X...3
* X -> X...4
New names:
* X -> X...1
* X -> X...2
* X -> X...3
* X -> X...4
New names:
* X -> X...1
* X -> X...2
* X -> X...3
* X -> X...4
New names:
* X -> X...1
* X -> X...2
* X -> X...3
* X -> X...4
New names:
* X -> X...1
* X -> X...2
* X -> X...3
* X -> X...4
New names:
* X -> X...1
* X -> X...2
* X -> X...3
* X -> X...4
Joining, by = "params_id"
[1] "sequence_scheme:"
[1] "BBBBBB"
New names:
* X -> X...1
* X -> X...2
* X -> X...3
* X -> X...4
* X -> X...5
New names:
* X -> X...1
* X -> X...2
* X -> X...3
* X -> X...4
* X -> X...5
New names:
* X -> X...1
* X -> X...2
* X -> X...3
* X -> X...4
* X -> X...5
New names:
* X -> X...1
* X -> X...2
* X -> X...3
* X -> X...4
* X -> X...5
time: 1
New names:
* X -> X...1
* X -> X...2
* X -> X...3
New names:
* X -> X...1
* X -> X...2
* X -> X...3
* X -> X...4
* X -> X...5
New names:
* X -> X...1
* X -> X...2
* X -> X...3
New names:
* X -> X...1
* X -> X...2
* X -> X...3
* X -> X...4
* X -> X...5
New names:
* X -> X...1
* X -> X...2
* X -> X...3
New names:
* X -> X...1
* X -> X...2
* X -> X...3
Joining, by = "params_id"
New names:
* X -> X...1
* X -> X...2
* X -> X...3
New names:
* X -> X...1
* X -> X...2
* X -> X...3
time: 1
[1] "sequence_scheme:"
[1] "BBBBBB"
New names:
* X -> X...1
* X -> X...2
* X -> X...3
* X -> X...4
* X -> X...5
Joining, by = "params_id"
New names:
* X -> X...1
* X -> X...2
* X -> X...3
* X -> X...4
* X -> X...5
New names:
* X -> X...1
* X -> X...2
* X -> X...3
* X -> X...4
* X -> X...5
New names:
* X -> X...1
* X -> X...2
* X -> X...3
* X -> X...4
* X -> X...5
Joining, by = "params_id"
New names:
* X -> X...1
* X -> X...2
* X -> X...3
* X -> X...4
* X -> X...5
New names:
* X -> X...1
* X -> X...2
* X -> X...3
* X -> X...4
* X -> X...5
[1] "sequence_scheme:"
[1] "BBBBBB"
[1] "sequence_scheme:"
[1] "BBBBBB"
Joining, by = "params_id"
[1] "sequence_scheme:"
[1] "BBBBBB"
time: 1
Rows: 384 Columns: 10
[1] "sequence_scheme:"
[1] "BBBBBB"
── Column specification ────────────────────────────────────────────────────────
Delimiter: ","
dbl (10): X1, X2, X3, X4, X5, X6, X7, X8, X9, X10
time: 1
time: 3
time: 1

ℹ Use `spec()` to retrieve the full column specification for this data.
ℹ Specify the column types or set `show_col_types = FALSE` to quiet this message.
time: 1
time: 1
time: 1
Rows: 384 Columns: 10
── Column specification ────────────────────────────────────────────────────────
Delimiter: ","
dbl (10): X1, X2, X3, X4, X5, X6, X7, X8, X9, X10
time: 5

ℹ Use `spec()` to retrieve the full column specification for this data.
ℹ Specify the column types or set `show_col_types = FALSE` to quiet this message.
time: 2
time: 3
time: 2
time: 6
time: 4
time: 3
time: 2
time: 2
New names:
* X -> X...1
* X -> X...2
New names:
* X -> X...1
* X -> X...2
New names:
* X -> X...1
* X -> X...2
New names:
* X -> X...1
* X -> X...2
New names:
* X -> X...1
* X -> X...2
New names:
* X -> X...1
* X -> X...2
Joining, by = "params_id"
New names:
* X -> X...1
* X -> X...2
New names:
* X -> X...1
* X -> X...2
New names:
* X -> X...1
* X -> X...2
[1] "sequence_scheme:"
[1] "BBBBBB"
New names:
* X -> X...1
* X -> X...2
New names:
* X -> X...1
* X -> X...2
New names:
* X -> X...1
* X -> X...2
Joining, by = "params_id"
[1] "sequence_scheme:"
[1] "BBBBBB"
time: 2
time: 4
time: 1
time: 7
time: 1
time: 3
Rows: 384 Columns: 10
── Column specification ────────────────────────────────────────────────────────
Delimiter: ","
dbl (10): X1, X2, X3, X4, X5, X6, X7, X8, X9, X10

ℹ Use `spec()` to retrieve the full column specification for this data.
ℹ Specify the column types or set `show_col_types = FALSE` to quiet this message.
time: 4
time: 5
time: 5
time: 8
Rows: 384 Columns: 10
── Column specification ────────────────────────────────────────────────────────
Delimiter: ","
dbl (10): X1, X2, X3, X4, X5, X6, X7, X8, X9, X10

ℹ Use `spec()` to retrieve the full column specification for this data.
ℹ Specify the column types or set `show_col_types = FALSE` to quiet this message.
time: 3
time: 4
time: 6
New names:
* X -> X...1
* X -> X...2
New names:
* X -> X...1
* X -> X...2
New names:
* X -> X...1
* X -> X...2
New names:
* X -> X...1
* X -> X...2
New names:
* X -> X...1
* X -> X...2
New names:
* X -> X...1
* X -> X...2
time: 2Joining, by = "params_id"

New names:
* X -> X...1
* X -> X...2
New names:
* X -> X...1
* X -> X...2
New names:
* X -> X...1
* X -> X...2
New names:
* X -> X...1
* X -> X...2
New names:
* X -> X...1
* X -> X...2
New names:
* X -> X...1
* X -> X...2
[1] "sequence_scheme:"
[1] "BBBBBB"
Joining, by = "params_id"
[1] "sequence_scheme:"
[1] "BBBBBB"
time: 9
time: 1
time: 1
time: 6
time: 2
time: 5
time: 10
New names:
* X -> X...1
* X -> X...2
* X -> X...3
New names:
* X -> X...1
* X -> X...2
* X -> X...3
New names:
* X -> X...1
* X -> X...2
* X -> X...3
New names:
* X -> X...1
* X -> X...2
* X -> X...3
New names:
* X -> X...1
* X -> X...2
* X -> X...3
New names:
* X -> X...1
* X -> X...2
* X -> X...3
time: 7
Joining, by = "params_id"
[1] "sequence_scheme:"
[1] "BBBBBB"
time: 2
time: 1
New names:
* X -> X...1
* X -> X...2
* X -> X...3
New names:
* X -> X...1
* X -> X...2
* X -> X...3
New names:
* X -> X...1
* X -> X...2
* X -> X...3
New names:
* X -> X...1
* X -> X...2
* X -> X...3
New names:
* X -> X...1
* X -> X...2
* X -> X...3
New names:
* X -> X...1
* X -> X...2
* X -> X...3
time: 5
Joining, by = "params_id"
[1] "sequence_scheme:"
[1] "BBBBBB"
time: 11
time: 3
time: 4
time: 1
New names:
* X -> X...1
* X -> X...2
* X -> X...3
* X -> X...4
New names:
* X -> X...1
* X -> X...2
* X -> X...3
* X -> X...4
New names:
* X -> X...1
* X -> X...2
* X -> X...3
* X -> X...4
New names:
* X -> X...1
* X -> X...2
* X -> X...3
* X -> X...4
New names:
* X -> X...1
* X -> X...2
* X -> X...3
* X -> X...4
New names:
* X -> X...1
* X -> X...2
* X -> X...3
* X -> X...4
Joining, by = "params_id"
[1] "sequence_scheme:"
[1] "BBBBBB"
time: 8
time: 1
time: 12
time: 2
time: 3
time: 7
time: 2
time: 13
time: 6
time: 9
time: 4
time: 6
time: 3
New names:
* X -> X...1
* X -> X...2
* X -> X...3
* X -> X...4
* X -> X...5
New names:
* X -> X...1
* X -> X...2
* X -> X...3
* X -> X...4
* X -> X...5
New names:
* X -> X...1
* X -> X...2
* X -> X...3
* X -> X...4
* X -> X...5
New names:
* X -> X...1
* X -> X...2
* X -> X...3
* X -> X...4
* X -> X...5
New names:
* X -> X...1
* X -> X...2
* X -> X...3
* X -> X...4
* X -> X...5
New names:
* X -> X...1
* X -> X...2
* X -> X...3
* X -> X...4
* X -> X...5
time: 14
Joining, by = "params_id"
[1] "sequence_scheme:"
[1] "BBBBBB"
time: 5
time: 1
time: 2
time: 3
time: 10
New names:
* X -> X...1
* X -> X...2
* X -> X...3
* X -> X...4
New names:
* X -> X...1
* X -> X...2
* X -> X...3
* X -> X...4
New names:
* X -> X...1
* X -> X...2
* X -> X...3
* X -> X...4
New names:
* X -> X...1
* X -> X...2
* X -> X...3
* X -> X...4
time: 5
New names:
* X -> X...1
* X -> X...2
* X -> X...3
* X -> X...4
New names:
* X -> X...1
* X -> X...2
* X -> X...3
* X -> X...4
Joining, by = "params_id"
time: 8
[1] "sequence_scheme:"
[1] "BBBBBB"
time: 15
time: 3
time: 1
time: 16
time: 7
time: 7
time: 11
time: 17
time: 6
time: 2
time: 4
time: 6
time: 18
time: 4
time: 3
time: 9
time: 3
time: 19
time: 12
time: 7
time: 8
Rows: 384 Columns: 10
── Column specification ────────────────────────────────────────────────────────
Delimiter: ","
dbl (10): X1, X2, X3, X4, X5, X6, X7, X8, X9, X10

ℹ Use `spec()` to retrieve the full column specification for this data.
ℹ Specify the column types or set `show_col_types = FALSE` to quiet this message.
time: 10
time: 8
time: 13
time: 8
time: 5
time: 2
time: 7
time: 11
time: 4
time: 4
time: 9
time: 2
time: 14
time: 4
time: 9
time: 12
time: 9
time: 2
time: 6
time: 15
time: 5
New names:
* X -> X...1
* X -> X...2
* X -> X...3
New names:
* X -> X...1
* X -> X...2
* X -> X...3
New names:
* X -> X...1
* X -> X...2
* X -> X...3
New names:
* X -> X...1
* X -> X...2
* X -> X...3
New names:
* X -> X...1
* X -> X...2
* X -> X...3
New names:
* X -> X...1
* X -> X...2
* X -> X...3
Joining, by = "params_id"
[1] "sequence_scheme:"
[1] "BBBBBB"
time: 8
time: 13
time: 10
time: 1
time: 10
time: 3
Rows: 384 Columns: 10
── Column specification ────────────────────────────────────────────────────────
Delimiter: ","
dbl (10): X1, X2, X3, X4, X5, X6, X7, X8, X9, X10
time: 4

ℹ Use `spec()` to retrieve the full column specification for this data.
ℹ Specify the column types or set `show_col_types = FALSE` to quiet this message.
time: 16
time: 5
time: 11
time: 14
time: 10
time: 7
time: 9
time: 17
time: 11
time: 5
time: 12
time: 15
time: 18
time: 5
time: 3
time: 19
time: 2
time: 16
time: 6
time: 20
time: 8
time: 13
time: 11
time: 6
time: 3
time: 17
time: 21
time: 12
time: 10
New names:
* X -> X...1
* X -> X...2
* X -> X...3
* X -> X...4
* X -> X...5
New names:
* X -> X...1
* X -> X...2
* X -> X...3
* X -> X...4
* X -> X...5
New names:
* X -> X...1
* X -> X...2
* X -> X...3
* X -> X...4
* X -> X...5
New names:
* X -> X...1
* X -> X...2
* X -> X...3
* X -> X...4
* X -> X...5
New names:
* X -> X...1
* X -> X...2
* X -> X...3
* X -> X...4
* X -> X...5
New names:
* X -> X...1
* X -> X...2
* X -> X...3
* X -> X...4
* X -> X...5
Joining, by = "params_id"
[1] "sequence_scheme:"
[1] "BBBBBB"
time: 1
time: 22
time: 3
time: 18
time: 14
time: 23
time: 2
time: 9
time: 5
time: 7
time: 13
time: 24
time: 19
time: 12
time: 15
time: 6
time: 11
time: 25
time: 20
time: 21
time: 26
time: 6
time: 10
time: 16
time: 14
time: 4
Rows: 384 Columns: 10
── Column specification ────────────────────────────────────────────────────────
Delimiter: ","
dbl (10): X1, X2, X3, X4, X5, X6, X7, X8, X9, X10
time: 7

ℹ Use `spec()` to retrieve the full column specification for this data.
ℹ Specify the column types or set `show_col_types = FALSE` to quiet this message.
time: 8
time: 27
time: 4
time: 13
time: 12
time: 17
time: 28
time: 14
time: 11
time: 18
time: 13
time: 15
time: 29
New names:
* X -> X...1
* X -> X...2
* X -> X...3
New names:
* X -> X...1
* X -> X...2
* X -> X...3
New names:
* X -> X...1
* X -> X...2
* X -> X...3
New names:
* X -> X...1
* X -> X...2
* X -> X...3
New names:
* X -> X...1
* X -> X...2
* X -> X...3
New names:
* X -> X...1
* X -> X...2
* X -> X...3
Joining, by = "params_id"
[1] "sequence_scheme:"
[1] "BBBBBB"
time: 15
time: 1
time: 30
time: 19
time: 6
time: 7
time: 31
time: 4
time: 9
time: 14
time: 20
time: 32
time: 16
time: 33
time: 21
time: 4
time: 12
time: 16
time: 7
time: 15
time: 8
time: 34
time: 22
time: 3
time: 17
time: 35
time: 5
time: 13
time: 23
time: 10
time: 16
time: 36
time: 24
time: 18
time: 17
time: 37
time: 14
time: 25
time: 38
time: 18
time: 39
time: 17
time: 8
time: 26
time: 19
time: 40
time: 7
time: 15
time: 19
time: 5
time: 41
time: 27
time: 3
time: 2
time: 11
time: 42
time: 20
time: 9
time: 18
time: 28
time: 43
time: 20
time: 5
time: 8
time: 16
time: 3
time: 44
time: 29
time: 21
time: 21
time: 30
time: 6
time: 19
time: 31
time: 17
time: 22
time: 22
time: 12
time: 32
time: 20
time: 9
time: 18
time: 23
time: 23
time: 33
time: 5
time: 34
time: 21
time: 8
time: 19
time: 24
time: 35
time: 24
time: 10
time: 22
time: 20
time: 25
time: 13
time: 9
time: 25
time: 26
time: 23
time: 11
time: 6
time: 21
time: 7
time: 27
time: 6
time: 26
time: 10
time: 24
time: 28
time: 22
time: 14
time: 4
time: 27
Rows: 384 Columns: 10
── Column specification ────────────────────────────────────────────────────────
Delimiter: ","
dbl (10): X1, X2, X3, X4, X5, X6, X7, X8, X9, X10

ℹ Use `spec()` to retrieve the full column specification for this data.
ℹ Specify the column types or set `show_col_types = FALSE` to quiet this message.
time: 12
time: 25
time: 23
time: 9
time: 4
time: 28
time: 26
time: 24
New names:
* X -> X...1
* X -> X...2
* X -> X...3
* X -> X...4
New names:
* X -> X...1
* X -> X...2
* X -> X...3
* X -> X...4
New names:
* X -> X...1
* X -> X...2
* X -> X...3
* X -> X...4
New names:
* X -> X...1
* X -> X...2
* X -> X...3
* X -> X...4
New names:
* X -> X...1
* X -> X...2
* X -> X...3
* X -> X...4
New names:
* X -> X...1
* X -> X...2
* X -> X...3
* X -> X...4
time: 10
Joining, by = "params_id"
[1] "sequence_scheme:"
[1] "BBBBBB"
time: 1
time: 2
time: 27
time: 13
time: 15
time: 25
time: 29
time: 6
time: 28
time: 30
time: 11
time: 8
time: 26
time: 7
time: 31
time: 29
time: 27
time: 32
time: 14
time: 30
time: 16
time: 4
time: 33
time: 28
time: 10
time: 7
time: 31
time: 34
time: 29
time: 11
time: 32
time: 35
time: 15
time: 30
time: 12
time: 33
time: 17
time: 2
time: 36
time: 9
time: 3
time: 37
time: 8
time: 16
time: 5
time: 38
time: 18
time: 7
time: 11
time: 39
time: 5
time: 40
time: 12
time: 41
time: 13
time: 42
time: 17
time: 8
time: 10
time: 19
time: 43
time: 44
time: 18
time: 45
time: 9
time: 46
time: 12
time: 47
time: 19
time: 20
time: 14
time: 13
time: 48
time: 5
time: 20
time: 8
time: 11
time: 21
time: 6
time: 21
time: 13
time: 9
time: 15
time: 10
time: 14
time: 22
time: 22
time: 6
time: 12
time: 23
time: 4
time: 23
time: 24
time: 16
time: 14
time: 9
time: 11
time: 15
time: 25
time: 24
time: 10
time: 13
time: 16
time: 7
time: 26
time: 6
Rows: 384 Columns: 10
── Column specification ────────────────────────────────────────────────────────
Delimiter: ","
dbl (10): X1, X2, X3, X4, X5, X6, X7, X8, X9, X10

ℹ Use `spec()` to retrieve the full column specification for this data.
ℹ Specify the column types or set `show_col_types = FALSE` to quiet this message.
time: 17
time: 17
time: 25
time: 15
New names:
* X -> X...1
* X -> X...2
* X -> X...3
* X -> X...4
* X -> X...5
New names:
* X -> X...1
* X -> X...2
* X -> X...3
* X -> X...4
* X -> X...5
New names:
* X -> X...1
* X -> X...2
* X -> X...3
* X -> X...4
* X -> X...5
New names:
* X -> X...1
* X -> X...2
* X -> X...3
* X -> X...4
* X -> X...5
New names:
* X -> X...1
* X -> X...2
* X -> X...3
* X -> X...4
* X -> X...5
New names:
* X -> X...1
* X -> X...2
* X -> X...3
* X -> X...4
* X -> X...5
Joining, by = "params_id"
[1] "sequence_scheme:"
[1] "BBBBBB"
time: 1
time: 3
time: 18
time: 12
time: 16
time: 14
time: 26
time: 10
time: 7
time: 19
time: 18
time: 17
time: 2
time: 11
time: 27
time: 20
time: 18
time: 8
time: 28
time: 13
time: 15
time: 29
time: 30
time: 19
time: 5
time: 19
time: 21
time: 3
time: 31
time: 7
time: 11
time: 32
time: 20
time: 22
time: 12
time: 33
time: 16
time: 14
time: 34
time: 20
time: 8
time: 21
time: 23
time: 35
time: 9
time: 36
time: 37
time: 17
time: 22
time: 38
time: 24
time: 12
time: 21
time: 39
time: 15
time: 13
time: 40
time: 23
time: 41
time: 25
time: 8
time: 42
time: 24
time: 18
time: 43
time: 22
time: 6
time: 44
time: 10
time: 25
time: 26
time: 16
time: 45
time: 9
time: 46
time: 27
time: 13
time: 26
time: 47
time: 14
time: 48
time: 19
time: 28
time: 23
time: 4
time: 49
time: 27
time: 50
time: 14
time: 29
time: 15
time: 17
time: 28
time: 30
time: 20
time: 15
time: 16
time: 24
time: 11
time: 31
time: 29
time: 9
time: 32
time: 17
time: 30
time: 18
time: 16
time: 33
time: 10
time: 7
time: 31
time: 21
time: 25
time: 34
time: 4
time: 32
time: 18
time: 35
time: 17
time: 33
time: 36
time: 12
time: 19
Rows: 384 Columns: 10
── Column specification ────────────────────────────────────────────────────────
Delimiter: ","
dbl (10): X1, X2, X3, X4, X5, X6, X7, X8, X9, X10

ℹ Use `spec()` to retrieve the full column specification for this data.
ℹ Specify the column types or set `show_col_types = FALSE` to quiet this message.
time: 26
time: 22
time: 34
New names:
* X -> X...1
* X -> X...2
* X -> X...3
* X -> X...4
New names:
* X -> X...1
* X -> X...2
* X -> X...3
* X -> X...4
New names:
* X -> X...1
* X -> X...2
* X -> X...3
* X -> X...4
New names:
* X -> X...1
* X -> X...2
* X -> X...3
* X -> X...4
New names:
* X -> X...1
* X -> X...2
* X -> X...3
* X -> X...4
New names:
* X -> X...1
* X -> X...2
* X -> X...3
* X -> X...4
Joining, by = "params_id"
[1] "sequence_scheme:"
[1] "BBBBBB"
time: 19
time: 1
time: 10
time: 18
time: 3
time: 35
time: 36
time: 27
time: 20
time: 20
time: 23
time: 11
time: 37
time: 19
time: 38
time: 13
time: 8
time: 21
time: 39
time: 28
time: 24
time: 40
time: 21
time: 5
time: 20
time: 41
time: 11
time: 22
time: 29
time: 25
time: 14
time: 22
time: 12
time: 21
time: 26
time: 23
time: 27
time: 22
time: 30
time: 13
time: 9
time: 28
time: 23
time: 23
time: 29
time: 5
time: 24
time: 31
time: 15
time: 12
time: 14
time: 30
time: 24
time: 25
time: 31
time: 26
time: 24
time: 25
time: 32
time: 15
time: 25
time: 32
time: 27
time: 26
time: 26
time: 33
time: 28
time: 16
time: 27
time: 10
time: 33
time: 34
time: 16
time: 29
time: 6
time: 27
time: 13
time: 28
time: 4
time: 35
time: 29
time: 34
time: 30
time: 28
time: 36
time: 17
time: 30
time: 17
time: 29
time: 31
time: 37
time: 31
time: 35
time: 32
time: 30
time: 38
time: 32
time: 11
time: 33
time: 14
time: 18
time: 31
time: 36
time: 39
time: 6
time: 34
time: 33
time: 18
time: 32
time: 15
time: 35
time: 40
time: 34
time: 36
time: 37
time: 19
time: 33
time: 16
time: 41
time: 35
time: 37
time: 34
Rows: 384 Columns: 10
── Column specification ────────────────────────────────────────────────────────
Delimiter: ","
dbl (10): X1, X2, X3, X4, X5, X6, X7, X8, X9, X10

ℹ Use `spec()` to retrieve the full column specification for this data.
ℹ Specify the column types or set `show_col_types = FALSE` to quiet this message.
time: 19
time: 35
time: 38
time: 36
time: 42
time: 12
time: 7
time: 17
time: 20
time: 36
time: 43
time: 37
time: 39
time: 37
time: 44
time: 38
time: 18
time: 38
time: 20
time: 39
time: 21
time: 40
time: 45
time: 5
time: 39
time: 22
time: 13
time: 19
time: 46
time: 40
time: 41
time: 7
time: 42
time: 23
time: 21
time: 43
time: 47
time: 44
time: 41
time: 48
time: 45
time: 20
time: 49
time: 46
time: 24
time: 47
time: 50
time: 42
time: 48
time: 51
time: 49
time: 8
time: 52
time: 22
time: 25
time: 14
time: 50
time: 21
time: 53
time: 43
time: 51
time: 44
time: 23
time: 54
time: 52
time: 45
time: 55
time: 26
time: 24
time: 53
time: 46
time: 56
time: 54
time: 47
time: 22
time: 57
time: 25
time: 48
time: 55
time: 27
time: 58
time: 23
time: 49
time: 15
time: 56
time: 26
time: 59
time: 8
time: 50
time: 57
time: 6
time: 24
time: 60
time: 28
time: 58
time: 51
time: 27
time: 61
time: 59
time: 29
time: 52
time: 25
time: 62
time: 28
time: 60
time: 53
time: 9
time: 30
time: 63
time: 61
time: 54
time: 16
time: 26
time: 29
time: 64
time: 31
time: 62
time: 55
time: 65
time: 63
time: 30
time: 56
time: 32
time: 27
time: 66
time: 64
time: 57
time: 31
time: 67
time: 65
time: 33
time: 58
time: 28
time: 17
time: 68
time: 66
time: 34
time: 9
time: 69
time: 59
time: 32
time: 70
time: 60
time: 67
time: 71
time: 35
time: 61
time: 29
time: 72
time: 68
time: 62
time: 73
time: 33
time: 36
time: 10
time: 7
time: 74
time: 63
time: 30
time: 69
time: 75
time: 64
Rows: 384 Columns: 10
── Column specification ────────────────────────────────────────────────────────
Delimiter: ","
dbl (10): X1, X2, X3, X4, X5, X6, X7, X8, X9, X10

ℹ Use `spec()` to retrieve the full column specification for this data.
ℹ Specify the column types or set `show_col_types = FALSE` to quiet this message.
New names:
* X -> X...1
* X -> X...2
* X -> X...3
* X -> X...4
* X -> X...5
New names:
* X -> X...1
* X -> X...2
* X -> X...3
* X -> X...4
* X -> X...5
New names:
* X -> X...1
* X -> X...2
* X -> X...3
* X -> X...4
* X -> X...5
New names:
* X -> X...1
* X -> X...2
* X -> X...3
* X -> X...4
* X -> X...5
New names:
* X -> X...1
* X -> X...2
* X -> X...3
* X -> X...4
* X -> X...5
New names:
* X -> X...1
* X -> X...2
* X -> X...3
* X -> X...4
* X -> X...5
Joining, by = "params_id"
[1] "sequence_scheme:"
[1] "BBBBBB"
time: 1
time: 76
time: 31
time: 65
time: 18
time: 34
time: 70
time: 77
time: 71
time: 66
time: 72
time: 78
time: 73
time: 32
time: 74
time: 67
time: 79
time: 75
time: 35
time: 76
time: 68
time: 80
time: 77
time: 33
time: 78
time: 69
time: 81
time: 79
time: 70
time: 36
time: 82
time: 80
time: 34
time: 19
time: 81
time: 10
time: 71
time: 83
time: 82
time: 72
time: 84
time: 83
time: 73
time: 37
time: 74
time: 35
time: 84
time: 85
time: 11
time: 75
time: 85
time: 36
time: 86
time: 76
time: 86
time: 38
time: 77
time: 87
time: 87
time: 37
time: 88
time: 8
time: 78
time: 20
time: 89
time: 88
time: 89
time: 90
time: 79
time: 90
time: 38
time: 91
time: 91
time: 80
time: 39
time: 92
time: 92
time: 81
time: 93
time: 93
time: 94
time: 82
time: 40
time: 39
time: 95
time: 94
time: 96
time: 95
time: 97
time: 41
time: 98
time: 99
time: 96
time: 100
time: 40
time: 42
time: 101
time: 97
time: 11
time: 102
time: 21
time: 103
time: 98
time: 41
time: 43
time: 99
time: 42
time: 100
time: 44
time: 12
time: 101
time: 43
time: 45
time: 102
time: 103
time: 104
time: 46
time: 105
time: 22
time: 106
time: 107
time: 9
time: 47
time: 108
time: 109
time: 23
time: 110
time: 48
time: 111
time: 112
time: 24
time: 49
time: 12
time: 50
time: 25
time: 13
time: 51
time: 26
time: 52
time: 27
time: 53
time: 10
time: 28
time: 54
time: 55
time: 13
time: 56
time: 29
time: 57
time: 14
time: 58
time: 59
time: 30
time: 60
time: 61
time: 31
time: 62
time: 63
time: 11
time: 32
time: 14
time: 64
time: 15
time: 65
time: 66
time: 33
time: 67
time: 68
time: 69
time: 34
time: 70
time: 71
time: 72
time: 35
time: 73
time: 12
time: 15
time: 74
time: 16
time: 75
time: 36
time: 76
time: 77
time: 78
time: 79
time: 37
time: 38
time: 16
time: 13
time: 17
time: 39
time: 40
time: 41
time: 42
time: 43
time: 17
time: 18
time: 44
time: 14
time: 45
time: 46
time: 47
time: 18
time: 48
time: 19
time: 15
time: 49
time: 50
time: 51
time: 19
time: 52
time: 20
time: 16
time: 53
time: 54
time: 55
time: 56
time: 57
time: 20
time: 21
time: 58
time: 59
time: 17
time: 60
time: 61
time: 62
time: 21
time: 22
time: 63
time: 64
time: 18
time: 65
time: 66
time: 67
time: 68
time: 22
time: 23
time: 69
time: 70
time: 71
time: 19
time: 72
time: 73
time: 23
time: 74
time: 24
time: 75
time: 76
time: 77
time: 78
time: 20
time: 79
time: 24
time: 25
time: 21
time: 25
time: 26
time: 22
time: 26
time: 27
time: 23
time: 27
time: 28
time: 24
time: 29
time: 28
time: 25
time: 30
time: 29
time: 31
time: 30
time: 26
time: 32
time: 31
time: 27
time: 33
time: 32
time: 28
time: 34
time: 33
time: 35
time: 29
time: 36
time: 37
time: 38
time: 39
time: 34
time: 40
time: 30
time: 41
time: 42
time: 35
time: 43
time: 31
time: 44
time: 45
time: 36
time: 46
time: 32
time: 33
time: 47
time: 34
time: 37
time: 48
time: 35
time: 36
time: 49
time: 37
time: 38
time: 50
time: 39
time: 38
time: 40
time: 41
time: 51
time: 39
time: 42
time: 43
time: 52
time: 40
time: 44
time: 45
time: 41
time: 53
time: 46
time: 42
time: 54
time: 47
time: 43
time: 48
time: 55
time: 49
time: 44
time: 56
time: 50
time: 51
time: 45
time: 5X8, X9, X10

ℹ Use `spec()` to retrieve the full column specification for this data.
ℹ Specify the column types or set `show_col_types = FALSE` to quiet this message.
time: 11
time: 19
time: 8
time: 4
time: 20
time: 7
Rows: 384 Columns: 10
── Column specification ────────────────────────────────────────────────────────
Delimiter: ","
dbl (10): X1, X2, X3, X4, X5, X6, X7, X8, X9, X10

ℹ Use `spec()` to retrieve the full column specification for this data.
ℹ Specify the column types or set `show_col_types = FALSE` to quiet this message.
time: 7
time: 12
time: 3
time: 4
time: 21
time: 22
New names:
* X -> X...1
* X -> X...2
* X -> X...3
* X -> X...4
New names:
* X -> X...1
* X -> X...2
* X -> X...3
* X -> X...4
New names:
* X -> X...1
* X -> X...2
* X -> X...3
* X -> X...4
New names:
* X -> X...1
* X -> X...2
* X -> X...3
* X -> X...4
New names:
* X -> X...1
* X -> X...2
* X -> X...3
* X -> X...4
New names:
* X -> X...1
* X -> X...2
* X -> X...3
* X -> X...4
Joining, by = "params_id"
time: 5
[1] "sequence_scheme:"
[1] "BBBBBB"
time: 1
time: 13
time: 5
time: 23
time: 9
time: 24
time: 14
time: 25
time: 8
time: 8
time: 26
time: 2
time: 27
time: 15
time: 3
time: 28
Rows: 384 Columns: 10
── Column specification ─────────────────────────time: 107
───────────────────────────
Delimiter: ","
dbl (10): X1, X2, X3, X4, X5, X6, X7, X8, X9, X10

ℹ Use `spec()` to retrieve the full column specification for this data.
ℹ Specify the column types or set `show_col_types = FALSE` to quiet this message.
time: 6
titime: 108
time: 109
time: 110
time: 111
time: 112
time: 113
time: 114
time: 115
time: 116
time: 117
time: 118
time: 119
time: 120
time: 121
slurmstepd: error: *** JOB 53636649 ON sh03-01n38 CANCELLED AT 2022-05-21T23:13:09 DUE TO TIME LIMIT ***
